f:\paper\code\cpluspluslearn\c++学习\模板\模板\debug\vc142.pdb
f:\paper\code\cpluspluslearn\c++学习\模板\模板\debug\vc142.idb
f:\paper\code\cpluspluslearn\c++学习\模板\模板\debug\03_普通函数与函数模板的区别.obj
f:\paper\code\cpluspluslearn\c++学习\模板\模板\debug\02_函数模板注意事项.obj
f:\paper\code\cpluspluslearn\c++学习\模板\模板\debug\01_函数模板语法.obj
f:\paper\code\cpluspluslearn\c++学习\模板\模板\debug\04_普通函数和函数模板的调用规则.obj
f:\paper\code\cpluspluslearn\c++学习\模板\模板\debug\模板.ilk
f:\paper\code\cpluspluslearn\c++学习\模板\debug\模板.exe
f:\paper\code\cpluspluslearn\c++学习\模板\debug\模板.pdb
f:\paper\code\cpluspluslearn\c++学习\模板\模板\debug\模板.tlog\cl.command.1.tlog
f:\paper\code\cpluspluslearn\c++学习\模板\模板\debug\模板.tlog\cl.read.1.tlog
f:\paper\code\cpluspluslearn\c++学习\模板\模板\debug\模板.tlog\cl.write.1.tlog
f:\paper\code\cpluspluslearn\c++学习\模板\模板\debug\模板.tlog\link-cvtres.read.1.tlog
f:\paper\code\cpluspluslearn\c++学习\模板\模板\debug\模板.tlog\link-cvtres.write.1.tlog
f:\paper\code\cpluspluslearn\c++学习\模板\模板\debug\模板.tlog\link-rc.read.1.tlog
f:\paper\code\cpluspluslearn\c++学习\模板\模板\debug\模板.tlog\link-rc.write.1.tlog
f:\paper\code\cpluspluslearn\c++学习\模板\模板\debug\模板.tlog\link.12464-cvtres.read.1.tlog
f:\paper\code\cpluspluslearn\c++学习\模板\模板\debug\模板.tlog\link.12464-cvtres.write.1.tlog
f:\paper\code\cpluspluslearn\c++学习\模板\模板\debug\模板.tlog\link.12464-rc.read.1.tlog
f:\paper\code\cpluspluslearn\c++学习\模板\模板\debug\模板.tlog\link.12464-rc.write.1.tlog
f:\paper\code\cpluspluslearn\c++学习\模板\模板\debug\模板.tlog\link.12464.read.1.tlog
f:\paper\code\cpluspluslearn\c++学习\模板\模板\debug\模板.tlog\link.12464.write.1.tlog
f:\paper\code\cpluspluslearn\c++学习\模板\模板\debug\模板.tlog\link.command.1.tlog
f:\paper\code\cpluspluslearn\c++学习\模板\模板\debug\模板.tlog\link.read.1.tlog
f:\paper\code\cpluspluslearn\c++学习\模板\模板\debug\模板.tlog\link.write.1.tlog
