f:\paper\code\cpluspluslearn\c++学习\类模板\类模板\debug\vc142.pdb
f:\paper\code\cpluspluslearn\c++学习\类模板\类模板\debug\vc142.idb
f:\paper\code\cpluspluslearn\c++学习\类模板\类模板\debug\person.obj
f:\paper\code\cpluspluslearn\c++学习\类模板\类模板\debug\09_类模板案例-数组类封装.obj
f:\paper\code\cpluspluslearn\c++学习\类模板\类模板\debug\08_类模板与友元.obj
f:\paper\code\cpluspluslearn\c++学习\类模板\类模板\debug\07_类模板分文件编写.obj
f:\paper\code\cpluspluslearn\c++学习\类模板\类模板\debug\06_类模板成员函数类外实现.obj
f:\paper\code\cpluspluslearn\c++学习\类模板\类模板\debug\05_类模板与继承.obj
f:\paper\code\cpluspluslearn\c++学习\类模板\类模板\debug\04_类模板对象做函数参数.obj
f:\paper\code\cpluspluslearn\c++学习\类模板\类模板\debug\03_类模板中成员函数创建时机.obj
f:\paper\code\cpluspluslearn\c++学习\类模板\类模板\debug\02_类模板与函数模板的区别.obj
f:\paper\code\cpluspluslearn\c++学习\类模板\类模板\debug\01_类模板语法.obj
f:\paper\code\cpluspluslearn\c++学习\类模板\debug\类模板.exe
f:\paper\code\cpluspluslearn\c++学习\类模板\类模板\debug\类模板.ilk
f:\paper\code\cpluspluslearn\c++学习\类模板\debug\类模板.pdb
f:\paper\code\cpluspluslearn\c++学习\类模板\类模板\debug\类模板.tlog\cl.command.1.tlog
f:\paper\code\cpluspluslearn\c++学习\类模板\类模板\debug\类模板.tlog\cl.read.1.tlog
f:\paper\code\cpluspluslearn\c++学习\类模板\类模板\debug\类模板.tlog\cl.write.1.tlog
f:\paper\code\cpluspluslearn\c++学习\类模板\类模板\debug\类模板.tlog\link.command.1.tlog
f:\paper\code\cpluspluslearn\c++学习\类模板\类模板\debug\类模板.tlog\link.read.1.tlog
f:\paper\code\cpluspluslearn\c++学习\类模板\类模板\debug\类模板.tlog\link.write.1.tlog
