f:\code\cppdemo\algorithmcoding\algorithmcoding\debug\vc141.pdb
f:\code\cppdemo\algorithmcoding\algorithmcoding\debug\vc141.idb
f:\code\cppdemo\algorithmcoding\algorithmcoding\debug\main.obj
f:\code\cppdemo\algorithmcoding\algorithmcoding\debug\vc142.pdb
f:\code\cppdemo\algorithmcoding\algorithmcoding\debug\vc142.idb
f:\code\cppdemo\algorithmcoding\debug\algorithmcoding.exe
f:\code\cppdemo\algorithmcoding\debug\algorithmcoding.ilk
f:\code\cppdemo\algorithmcoding\debug\algorithmcoding.pdb
f:\code\cppdemo\algorithmcoding\algorithmcoding\debug\algorithmcoding.ilk
f:\paper\cpluspluslearn\data structure and algorithm\algorithmcoding\algorithmcoding\debug\algorithmcoding.ilk
f:\paper\cpluspluslearn\data structure and algorithm\algorithmcoding\algorithmcoding\debug\vc141.idb
f:\paper\cpluspluslearn\data structure and algorithm\algorithmcoding\algorithmcoding\debug\vc142.idb
f:\paper\cpluspluslearn\data structure and algorithm\algorithmcoding\algorithmcoding\debug\vc141.pdb
f:\paper\cpluspluslearn\data structure and algorithm\algorithmcoding\algorithmcoding\debug\vc142.pdb
f:\paper\cpluspluslearn\data structure and algorithm\algorithmcoding\debug\algorithmcoding.pdb
f:\paper\cpluspluslearn\data structure and algorithm\algorithmcoding\debug\algorithmcoding.exe
f:\paper\cpluspluslearn\data structure and algorithm\algorithmcoding\debug\algorithmcoding.ilk
f:\paper\cpluspluslearn\data structure and algorithm\algorithmcoding\algorithmcoding\debug\algorithmcoding.tlog\cl.command.1.tlog
f:\paper\cpluspluslearn\data structure and algorithm\algorithmcoding\algorithmcoding\debug\algorithmcoding.tlog\cl.read.1.tlog
f:\paper\cpluspluslearn\data structure and algorithm\algorithmcoding\algorithmcoding\debug\algorithmcoding.tlog\cl.write.1.tlog
f:\paper\cpluspluslearn\data structure and algorithm\algorithmcoding\algorithmcoding\debug\algorithmcoding.tlog\link.command.1.tlog
f:\paper\cpluspluslearn\data structure and algorithm\algorithmcoding\algorithmcoding\debug\algorithmcoding.tlog\link.read.1.tlog
f:\paper\cpluspluslearn\data structure and algorithm\algorithmcoding\algorithmcoding\debug\algorithmcoding.tlog\link.write.1.tlog
